<?xml version="1.0" encoding="UTF-8"?>
<!-- Generated by org.testng.reporters.JUnitReportReporter -->
<testsuite skipped="0" hostname="SHERINE_MARTINA" name="login.LoginTestcase" tests="1" failures="0" timestamp="2022-05-16T11:06:02 IST" time="8.289" errors="0">
  <testcase name="login" time="8.289" classname="login.LoginTestcase"/>
</testsuite> <!-- login.LoginTestcase -->
